decoder2.naf0.1.sg.act                             | Mean:             nan | Std:             nan | Shape: (4, 6, 256, 256)
decoder2.naf0.1.sg                                 | Mean:             nan | Std:             nan | Shape: (4, 6, 256, 256)
decoder2.naf0.1.ca.0                               | Mean:             nan | Std:             nan | Shape: (4, 6, 1, 1)
decoder2.naf0.1.ca.1.conv2d                        | Mean:             nan | Std:             nan | Shape: (4, 6, 1, 1)
decoder2.naf0.1.ca.1.act                           | Mean:             nan | Std:             nan | Shape: (4, 6, 1, 1)
decoder2.naf0.1.ca.1                               | Mean:             nan | Std:             nan | Shape: (4, 6, 1, 1)
decoder2.naf0.1.ca                                 | Mean:             nan | Std:             nan | Shape: (4, 6, 1, 1)
decoder2.naf0.1.conv2.pad                          | Mean:             nan | Std:             nan | Shape: (4, 6, 258, 258)
decoder2.naf0.1.conv2.conv2d                       | Mean:             nan | Std:             nan | Shape: (4, 6, 256, 256)
decoder2.naf0.1.conv2.norm                         | Mean:             nan | Std:             nan | Shape: (4, 6, 256, 256)
decoder2.naf0.1.conv2.act                          | Mean:             nan | Std:             nan | Shape: (4, 6, 256, 256)
decoder2.naf0.1.conv2                              | Mean:             nan | Std:             nan | Shape: (4, 6, 256, 256)
decoder2.naf0.1.conv3.conv2d                       | Mean:             nan | Std:             nan | Shape: (4, 6, 256, 256)
decoder2.naf0.1.conv3.norm                         | Mean:             nan | Std:             nan | Shape: (4, 6, 256, 256)
decoder2.naf0.1.conv3.act                          | Mean:             nan | Std:             nan | Shape: (4, 6, 256, 256)
decoder2.naf0.1.conv3                              | Mean:             nan | Std:             nan | Shape: (4, 6, 256, 256)
decoder2.naf0.1.dropout                            | Mean:             nan | Std:             nan | Shape: (4, 6, 256, 256)
decoder2.naf0.1.norm2                              | Mean:             nan | Std:             nan | Shape: (4, 6, 256, 256)
decoder2.naf0.1.conv4.conv2d                       | Mean:             nan | Std:             nan | Shape: (4, 12, 256, 256)
decoder2.naf0.1.conv4.norm                         | Mean:             nan | Std:             nan | Shape: (4, 12, 256, 256)
decoder2.naf0.1.conv4.act                          | Mean:             nan | Std:             nan | Shape: (4, 12, 256, 256)
decoder2.naf0.1.conv4                              | Mean:             nan | Std:             nan | Shape: (4, 12, 256, 256)
decoder2.naf0.1.sg.norm0                           | Mean:             nan | Std:             nan | Shape: (4, 12, 256, 256)
decoder2.naf0.1.sg.norm1                           | Mean:             nan | Std:             nan | Shape: (4, 6, 256, 256)
decoder2.naf0.1.sg.act                             | Mean:             nan | Std:             nan | Shape: (4, 6, 256, 256)
decoder2.naf0.1.sg                                 | Mean:             nan | Std:             nan | Shape: (4, 6, 256, 256)
decoder2.naf0.1.conv5.conv2d                       | Mean:             nan | Std:             nan | Shape: (4, 6, 256, 256)
decoder2.naf0.1.conv5.norm                         | Mean:             nan | Std:             nan | Shape: (4, 6, 256, 256)
decoder2.naf0.1.conv5.act                          | Mean:             nan | Std:             nan | Shape: (4, 6, 256, 256)
decoder2.naf0.1.conv5                              | Mean:             nan | Std:             nan | Shape: (4, 6, 256, 256)
decoder2.naf0.1.dropout                            | Mean:             nan | Std:             nan | Shape: (4, 6, 256, 256)
decoder2.naf0.1                                    | Mean:             nan | Std:             nan | Shape: (4, 6, 256, 256)
decoder2.naf0                                      | Mean:             nan | Std:             nan | Shape: (4, 6, 256, 256)
decoder2                                           | Mean:             nan | Std:             nan | Shape: (4, 6, 256, 256)
out.0                                              | Mean:             nan | Std:             nan | Shape: (4, 6, 256, 256)
out.1                                              | Mean:             nan | Std:             nan | Shape: (4, 6, 256, 256)
out                                                | Mean:             nan | Std:             nan | Shape: (4, 6, 256, 256)